2026-02-13 23:01:08,791 | INFO | backend.speech.transcriber_stream | Requesting Whisper model 'tiny'...
2026-02-13 23:01:08,792 | INFO | backend.speech.model_loader | Loading Whisper Model: tiny...
2026-02-13 23:13:58,929 | INFO | backend.speech.transcriber_stream | Requesting Whisper model 'tiny'...
2026-02-13 23:13:58,929 | INFO | backend.speech.model_loader | Loading Whisper Model: tiny...
2026-02-13 23:17:45,638 | INFO | backend.speech.transcriber_stream | Requesting Whisper model 'tiny'...
2026-02-13 23:17:45,638 | INFO | backend.speech.model_loader | Loading Whisper Model: tiny...
2026-02-13 23:21:16,100 | INFO | backend.speech.transcriber_stream | Requesting Whisper model 'tiny'...
2026-02-13 23:21:16,100 | INFO | backend.speech.model_loader | Loading Whisper Model: tiny...
2026-02-13 23:29:13,558 | INFO | backend.speech.model_loader | Model loaded. RAM increased by 87.74 MB. Total: 285.22 MB
2026-02-13 23:29:13,558 | INFO | backend.speech.transcriber_stream | Model ready in 1684.77s
2026-02-13 23:37:22,860 | INFO | backend.speech.model_loader | Model loaded. RAM increased by 78.34 MB. Total: 275.51 MB
2026-02-13 23:37:22,860 | INFO | backend.speech.transcriber_stream | Model ready in 1403.93s
2026-02-13 23:37:22,886 | INFO | backend.speech.model_loader | Model loaded. RAM increased by 88.46 MB. Total: 135.61 MB
2026-02-13 23:37:22,887 | INFO | backend.speech.transcriber_stream | Model ready in 1177.25s
2026-02-13 23:37:22,920 | INFO | backend.speech.model_loader | Model loaded. RAM increased by 77.50 MB. Total: 124.66 MB
2026-02-13 23:37:22,921 | INFO | backend.speech.transcriber_stream | Model ready in 966.82s
2026-02-13 23:59:48,452 | INFO | backend.speech.transcriber_stream | Requesting Whisper model 'tiny'...
2026-02-13 23:59:48,452 | INFO | backend.speech.model_loader | Loading Whisper Model: tiny...
2026-02-13 23:59:51,648 | INFO | backend.speech.model_loader | Model loaded. RAM increased by 75.38 MB. Total: 122.55 MB
2026-02-13 23:59:51,648 | INFO | backend.speech.transcriber_stream | Model ready in 3.20s
2026-02-14 00:29:40,838 | INFO | backend.speech.transcriber_stream | Requesting Whisper model 'tiny'...
2026-02-14 00:29:40,838 | INFO | backend.speech.model_loader | Loading Whisper Model: tiny...
2026-02-14 00:29:44,198 | INFO | backend.speech.model_loader | Model loaded. RAM increased by 74.90 MB. Total: 122.29 MB
2026-02-14 00:29:44,199 | INFO | backend.speech.transcriber_stream | Model ready in 3.36s
2026-02-14 02:09:33,832 | INFO | backend.main | Neuryx Backend Starting...
2026-02-14 02:09:33,832 | INFO | backend.main | Initial Memory Usage: 240.29 MB
2026-02-14 02:12:03,522 | INFO | backend.main | Starting batch recording...
2026-02-14 02:12:03,613 | INFO | backend.speech.audio_manager | Recording started...
2026-02-14 02:12:25,352 | INFO | backend.main | Stopping batch recording...
2026-02-14 02:12:25,386 | INFO | backend.speech.audio_manager | Recording saved to recordings\recording_20260214_021225.wav
2026-02-14 02:12:25,386 | INFO | backend.main | Transcribing file: recordings\recording_20260214_021225.wav
2026-02-14 02:12:25,386 | INFO | backend.speech.transcriber | Transcribing audio file: recordings\recording_20260214_021225.wav
2026-02-14 02:12:25,390 | INFO | backend.speech.model_loader | Loading Whisper Model: small...
2026-02-14 02:12:28,348 | INFO | backend.speech.model_loader | Model loaded. RAM increased by 276.05 MB. Total: 518.92 MB
2026-02-14 02:12:33,352 | INFO | backend.speech.transcriber | Transcription successful
2026-02-14 02:12:33,352 | INFO | backend.main | Batch transcription complete
2026-02-14 13:26:23,229 | INFO | backend.main | Neuryx Backend Starting...
2026-02-14 13:26:23,233 | INFO | backend.main | Initial Memory Usage: 90.92 MB
2026-02-14 13:26:23,235 | INFO | backend.main | Neuryx Backend Shutting Down...
2026-02-14 13:27:57,763 | INFO | backend.main | Neuryx Backend Starting...
2026-02-14 13:27:57,763 | INFO | backend.main | Initial Memory Usage: 91.01 MB
2026-02-14 13:27:57,764 | INFO | backend.main | Neuryx Backend Shutting Down...
2026-02-14 13:28:22,757 | INFO | backend.main | Neuryx Backend Starting...
2026-02-14 13:28:22,759 | INFO | backend.main | Initial Memory Usage: 91.14 MB
2026-02-14 14:54:52,745 | INFO | backend.main | Neuryx Backend Starting...
2026-02-14 14:54:52,745 | INFO | backend.main | Initial Memory Usage: 103.34 MB
2026-02-14 14:54:52,750 | INFO | backend.main | Neuryx Backend Shutting Down...
2026-02-14 15:09:33,662 | INFO | backend.main | Neuryx Backend Starting...
2026-02-14 15:09:33,663 | INFO | backend.main | Initial Memory Usage: 110.27 MB
2026-02-14 15:14:08,296 | INFO | backend.main | Neuryx Backend Starting...
2026-02-14 15:14:08,298 | INFO | backend.main | Initial Memory Usage: 110.75 MB
2026-02-14 15:14:26,933 | INFO | backend.main | WebSocket connected: 127.0.0.1 | Lang: ur
2026-02-14 15:14:26,933 | INFO | backend.speech.transcriber_stream | Requesting Whisper model 'small'...
2026-02-14 15:14:26,936 | INFO | backend.speech.model_loader | Loading Whisper Model: small...
2026-02-14 15:14:31,848 | INFO | backend.speech.model_loader | Model loaded. RAM increased by 273.11 MB. Total: 432.30 MB
2026-02-14 15:14:31,848 | INFO | backend.speech.transcriber_stream | Model ready in 4.92s
2026-02-14 15:16:08,438 | INFO | backend.main | Session Stats | RAM: 469.52MB | Avg Inference: 89.130s | Commits: 0
2026-02-14 15:17:39,134 | INFO | backend.speech.transcriber_stream | Committed segment: 'ہی ویٹن کے لی میز کل سمحہ ستیت ہے جیز تو کل سمحہ ستیت ہے' (Reason: silence)
2026-02-14 15:17:39,137 | INFO | backend.main | Session Stats | RAM: 468.79MB | Avg Inference: 44.953s | Commits: 1
2026-02-14 15:17:39,148 | INFO | backend.main | WebSocket connected: 127.0.0.1 | Lang: ur
2026-02-14 15:17:39,150 | INFO | backend.speech.transcriber_stream | Requesting Whisper model 'small'...
2026-02-14 15:17:39,150 | INFO | backend.speech.transcriber_stream | Model ready in 0.00s
2026-02-14 15:17:39,169 | INFO | backend.main | WebSocket connected: 127.0.0.1 | Lang: ur
2026-02-14 15:17:39,169 | INFO | backend.speech.transcriber_stream | Requesting Whisper model 'small'...
2026-02-14 15:17:39,172 | INFO | backend.speech.transcriber_stream | Model ready in 0.00s
2026-02-14 15:18:36,858 | INFO | backend.speech.transcriber_stream | Committed segment: 'ہلو ہو جانتے ہیں؟' (Reason: silence)
2026-02-14 15:18:36,860 | INFO | backend.main | Session Stats | RAM: 470.90MB | Avg Inference: 52.440s | Commits: 1
2026-02-14 15:18:36,877 | INFO | backend.main | Session Stats | RAM: 471.24MB | Avg Inference: 0.000s | Commits: 0
2026-02-14 15:20:37,382 | INFO | backend.main | Neuryx Backend Starting...
2026-02-14 15:20:37,382 | INFO | backend.main | Initial Memory Usage: 92.17 MB
2026-02-14 15:20:43,867 | INFO | backend.main | WebSocket connected: 127.0.0.1 | Lang: en
2026-02-14 15:20:43,870 | INFO | backend.speech.transcriber_stream | Requesting Whisper model 'small'...
2026-02-14 15:20:43,870 | INFO | backend.speech.model_loader | Loading Whisper Model: small...
2026-02-14 15:20:49,334 | INFO | backend.speech.model_loader | Model loaded. RAM increased by 272.74 MB. Total: 432.04 MB
2026-02-14 15:20:49,335 | INFO | backend.speech.transcriber_stream | Model ready in 5.46s
2026-02-14 15:21:03,148 | INFO | backend.speech.transcriber_stream | Committed segment: 'Hello' (Reason: silence)
2026-02-14 15:21:08,105 | INFO | backend.speech.transcriber_stream | Committed segment: 'Good morning. How are you?' (Reason: silence)
2026-02-14 15:21:13,771 | INFO | backend.speech.transcriber_stream | Committed segment: 'Sadah, mad.' (Reason: silence)
2026-02-14 15:21:19,559 | INFO | backend.main | Session Stats | RAM: 468.58MB | Avg Inference: 0.422s | Commits: 3
2026-02-14 15:21:33,386 | INFO | backend.speech.transcriber_stream | Committed segment: 'I' (Reason: silence)
2026-02-14 15:21:38,363 | INFO | backend.speech.transcriber_stream | Committed segment: 'LSPS Engineering student.' (Reason: silence)
2026-02-14 15:21:43,308 | INFO | backend.speech.transcriber_stream | Committed segment: 'studying and fourth semester.' (Reason: silence)
2026-02-14 15:21:48,950 | INFO | backend.main | WebSocket disconnected: 127.0.0.1
2026-02-14 15:21:48,953 | INFO | backend.main | Session Ended. Final Metrics: {'total_chunks': 108, 'avg_inference_time': 0.3052717557659856, 'total_commits': 6, 'avg_stability_cycles': 18.0}
2026-02-14 15:21:48,957 | INFO | backend.main | Cleaned up transcriber session
2026-02-14 15:28:35,949 | INFO | backend.main | Neuryx Backend Starting...
2026-02-14 15:28:35,949 | INFO | backend.main | Initial Memory Usage: 110.92 MB
2026-02-14 15:28:35,949 | INFO | backend.speech.model_loader | Loading Whisper Model: small...
2026-02-14 15:28:41,495 | INFO | backend.speech.model_loader | Model loaded. RAM increased by 319.83 MB. Total: 430.78 MB
2026-02-14 15:28:41,495 | INFO | backend.main | Model pre-loaded. Memory: 430.78 MB
2026-02-14 15:28:50,171 | INFO | backend.main | WebSocket connected: 127.0.0.1 | Lang: en
2026-02-14 15:28:50,171 | INFO | backend.speech.transcriber_stream | Requesting Whisper model 'small'...
2026-02-14 15:28:50,171 | INFO | backend.speech.transcriber_stream | Model ready in 0.00s
2026-02-14 15:29:05,330 | INFO | backend.speech.transcriber_stream | Committed segment: 'Hello, how are you? and' (Reason: silence)
2026-02-14 15:29:11,410 | INFO | backend.speech.transcriber_stream | Committed segment: 'good morning everyone' (Reason: silence)
2026-02-14 15:29:19,349 | INFO | backend.speech.transcriber_stream | Committed segment: 'Hey' (Reason: silence)
2026-02-14 15:29:20,236 | INFO | backend.main | Session Stats | RAM: 469.18MB | Avg Inference: 1.373s | Commits: 3
2026-02-14 15:29:25,958 | INFO | backend.speech.transcriber_stream | Committed segment: 'I am Sahad Ahmad student of aerospace engineering' (Reason: silence)
2026-02-14 15:29:35,309 | INFO | backend.speech.transcriber_stream | Committed segment: 'I am Sahad Ahmad student of aerospace engineering' (Reason: silence)
2026-02-14 15:29:41,905 | INFO | backend.speech.transcriber_stream | Committed segment: 'in fourth semester at Institute of Space Technology.' (Reason: silence)
2026-02-14 15:29:55,035 | INFO | backend.speech.transcriber_stream | Committed segment: 'I am Sahad Ahmad.' (Reason: silence)
2026-02-14 15:29:55,036 | INFO | backend.main | Session Stats | RAM: 466.11MB | Avg Inference: 0.667s | Commits: 7
2026-02-14 15:30:01,649 | INFO | backend.speech.transcriber_stream | Committed segment: 'Building this software named as Nurex to' (Reason: silence)
2026-02-14 15:30:07,621 | INFO | backend.speech.transcriber_stream | Committed segment: 'record live lectures in class and' (Reason: silence)
2026-02-14 15:30:13,991 | INFO | backend.speech.transcriber_stream | Committed segment: 'transcribe them for the convenience of the students so that' (Reason: silence)
2026-02-14 15:30:20,349 | INFO | backend.speech.transcriber_stream | Committed segment: 'they don't have to note down the lectures manually which is' (Reason: silence)
2026-02-14 15:30:26,593 | INFO | backend.speech.transcriber_stream | Committed segment: 'quite a hard job like noting the lecture' (Reason: silence)
2026-02-14 15:30:26,595 | INFO | backend.main | Session Stats | RAM: 466.19MB | Avg Inference: 1.066s | Commits: 12
2026-02-14 15:30:32,676 | INFO | backend.speech.transcriber_stream | Committed segment: 'points and writing the important points this software.' (Reason: silence)
2026-02-14 15:30:38,952 | INFO | backend.speech.transcriber_stream | Committed segment: 'will note down and record the whole lecture and summarize it.' (Reason: silence)
2026-02-14 15:30:45,029 | INFO | backend.speech.transcriber_stream | Committed segment: 'Pointing out the important points the formulas.' (Reason: silence)
2026-02-14 15:30:51,804 | INFO | backend.speech.transcriber_stream | Committed segment: 'The teacher have used and will pass out the whole lecture context to an AI agent.' (Reason: silence)
2026-02-14 15:31:11,532 | INFO | backend.speech.transcriber_stream | Committed segment: 'which the student can use to learn and study.' (Reason: silence)
2026-02-14 15:31:11,537 | INFO | backend.main | Session Stats | RAM: 469.93MB | Avg Inference: 1.637s | Commits: 17
2026-02-14 15:31:17,090 | INFO | backend.speech.transcriber_stream | Committed segment: 'for the exams.' (Reason: silence)
2026-02-14 15:31:26,899 | INFO | backend.main | WebSocket disconnected: 127.0.0.1
2026-02-14 15:31:26,902 | INFO | backend.main | Session Ended. Final Metrics: {'total_chunks': 156, 'avg_inference_time': 0.7469983269006778, 'total_commits': 18, 'avg_stability_cycles': 8.666666666666666}
2026-02-14 15:31:26,905 | INFO | backend.main | Cleaned up transcriber session
2026-02-14 15:31:41,516 | INFO | backend.main | WebSocket connected: 127.0.0.1 | Lang: ur
2026-02-14 15:31:41,516 | INFO | backend.speech.transcriber_stream | Requesting Whisper model 'small'...
2026-02-14 15:31:41,516 | INFO | backend.speech.transcriber_stream | Model ready in 0.00s
2026-02-14 15:31:56,997 | INFO | backend.speech.transcriber_stream | Committed segment: 'حلو' (Reason: silence)
2026-02-14 15:32:04,086 | INFO | backend.speech.transcriber_stream | Committed segment: 'ایرسپیس انگینیرنگ پر رہا ہوں' (Reason: silence)
2026-02-14 15:32:11,965 | INFO | backend.speech.transcriber_stream | Committed segment: 'انسٹیٹوٹ اف سپیس ٹریکنالوژی اسلام آباد میں میں چھوٹی سمجھتر میں پر' (Reason: silence)
2026-02-14 15:32:11,969 | INFO | backend.main | Session Stats | RAM: 472.81MB | Avg Inference: 1.027s | Commits: 3
2026-02-14 15:32:18,608 | INFO | backend.speech.transcriber_stream | Committed segment: 'اور میں ایس آفٹویر اسلی بنا رہا ہوں' (Reason: silence)
2026-02-14 15:32:25,475 | INFO | backend.speech.transcriber_stream | Committed segment: 'کہ تولبہ اپنے لیکچرز کو نوٹ کرنے کی بجائے' (Reason: silence)
2026-02-14 15:32:35,611 | INFO | backend.speech.transcriber_stream | Committed segment: 'ریکوٹ کرے اسی آفٹویر سے جو کہ آئی پاورڈ ایسی ایسی ایسی ایسی ایسی ایسی ایسی ایسی ایسی' (Reason: silence)
2026-02-14 15:32:44,654 | INFO | backend.speech.transcriber_stream | Committed segment: 'لیکچرز کو نوٹ کرے گا پھر اس کو ٹرانسکرائب کرے گا انگلیش میں اور دو' (Reason: silence)
2026-02-14 15:32:44,654 | INFO | backend.main | Session Stats | RAM: 474.25MB | Avg Inference: 2.323s | Commits: 7
2026-02-14 15:34:04,931 | INFO | backend.main | Session Stats | RAM: 468.39MB | Avg Inference: 5.711s | Commits: 7
2026-02-14 15:34:14,784 | INFO | backend.speech.transcriber_stream | Committed segment: 'رومن اردو میں اس میں سے ایسی پارنٹ اس نکالے گا اس میں سے جو فرمولاستی' (Reason: silence)
2026-02-14 15:34:14,794 | INFO | backend.main | WebSocket connected: 127.0.0.1 | Lang: 
2026-02-14 15:34:14,794 | INFO | backend.speech.transcriber_stream | Requesting Whisper model 'small'...
2026-02-14 15:34:14,798 | INFO | backend.speech.transcriber_stream | Model ready in 0.00s
2026-02-14 15:34:23,490 | INFO | backend.speech.transcriber_stream | Committed segment: 'کنیر کے وہ نکالے گا اور سار لیکچر جس کا کانٹیکسٹ بنائے وہ ایک' (Reason: silence)
2026-02-14 15:34:30,886 | INFO | backend.speech.transcriber_stream | Committed segment: 'ایک ای مرد کو ٹرانسفا کرے گا پیر دولبا' (Reason: silence)
2026-02-14 15:34:41,189 | INFO | backend.speech.transcriber_stream | Committed segment: 'はい。' (Reason: silence)
2026-02-14 15:34:41,202 | INFO | backend.main | Session Stats | RAM: 472.60MB | Avg Inference: 6.049s | Commits: 10
2026-02-14 15:34:49,556 | INFO | backend.speech.transcriber_stream | Committed segment: 'تیاری کر سکنگے اسانی سے اگزیم کیلیے' (Reason: silence)
2026-02-14 15:34:49,565 | INFO | backend.main | Session Stats | RAM: 469.59MB | Avg Inference: 10.285s | Commits: 1
2026-02-14 15:34:59,748 | INFO | backend.speech.transcriber_stream | Committed segment: 'Mera naam Sahad hai. Main engineering ka student hoon.' (Reason: silence)
2026-02-14 15:35:10,548 | INFO | backend.speech.transcriber_stream | Committed segment: 'Mera naam Sahad hai. Main engineering ka student hoon.' (Reason: silence)
2026-02-14 15:35:20,491 | INFO | backend.main | Session Stats | RAM: 476.70MB | Avg Inference: 8.116s | Commits: 3
2026-02-14 15:35:56,555 | INFO | backend.main | Session Stats | RAM: 476.70MB | Avg Inference: 6.967s | Commits: 3
2026-02-14 17:11:18,991 | INFO | backend.main | Neuryx Backend Starting...
2026-02-14 17:11:18,991 | INFO | backend.main | Initial Memory Usage: 92.14 MB
2026-02-14 17:11:18,991 | INFO | backend.speech.model_loader | Loading Whisper Model: small...
2026-02-14 17:11:21,389 | INFO | backend.speech.model_loader | Model loaded. RAM increased by 338.15 MB. Total: 430.29 MB
2026-02-14 17:11:21,389 | INFO | backend.main | Model pre-loaded. Memory: 430.29 MB
2026-02-14 17:11:36,224 | INFO | backend.main | WebSocket connected: 127.0.0.1 | Lang: en
2026-02-14 17:11:36,224 | INFO | backend.speech.transcriber_stream | Requesting Whisper model 'small'...
2026-02-14 17:11:36,224 | INFO | backend.speech.transcriber_stream | Model ready in 0.00s
2026-02-14 17:11:43,273 | INFO | backend.speech.transcriber_stream | Committed segment: 'Hello. Hello.' (Reason: silence)
2026-02-14 17:11:43,274 | WARNING | backend.speech.transcriber_stream | Slow inference: 1.76s
2026-02-14 17:11:46,289 | INFO | backend.speech.transcriber_stream | Committed segment: 'I am Saad Ahmad.' (Reason: silence)
2026-02-14 17:11:46,290 | WARNING | backend.speech.transcriber_stream | Slow inference: 1.70s
2026-02-14 17:11:52,374 | INFO | backend.speech.transcriber_stream | Committed segment: 'My..' (Reason: silence)
2026-02-14 17:11:52,374 | WARNING | backend.speech.transcriber_stream | Slow inference: 1.65s
2026-02-14 17:11:55,676 | INFO | backend.speech.transcriber_stream | Committed segment: 'I am Sadah Ahmad. I'm an Airspace Engineering student.' (Reason: silence)
2026-02-14 17:11:55,678 | WARNING | backend.speech.transcriber_stream | Slow inference: 1.88s
2026-02-14 17:11:58,644 | INFO | backend.speech.transcriber_stream | Committed segment: 'I'm studying in 4th semester.' (Reason: silence)
2026-02-14 17:11:58,645 | WARNING | backend.speech.transcriber_stream | Slow inference: 1.77s
2026-02-14 17:12:01,868 | INFO | backend.speech.transcriber_stream | Committed segment: 'At Institute of Spastic Neurology, Islamabad.' (Reason: silence)
2026-02-14 17:12:01,868 | WARNING | backend.speech.transcriber_stream | Slow inference: 1.92s
2026-02-14 17:12:06,816 | INFO | backend.speech.transcriber_stream | Committed segment: 'I am..' (Reason: silence)
2026-02-14 17:12:06,817 | WARNING | backend.speech.transcriber_stream | Slow inference: 1.75s
2026-02-14 17:12:06,817 | INFO | backend.main | Session Stats | RAM: 467.95MB | Avg Inference: 1.039s | Commits: 7
2026-02-14 17:12:09,990 | INFO | backend.speech.transcriber_stream | Committed segment: 'I am the founder of this software, Nurex.' (Reason: silence)
2026-02-14 17:12:09,990 | WARNING | backend.speech.transcriber_stream | Slow inference: 1.86s
2026-02-14 17:12:12,964 | INFO | backend.speech.transcriber_stream | Committed segment: 'Which is a lecture note enter' (Reason: silence)
2026-02-14 17:12:12,965 | WARNING | backend.speech.transcriber_stream | Slow inference: 1.76s
2026-02-14 17:12:16,092 | INFO | backend.speech.transcriber_stream | Committed segment: 'This is a brilliant lecture note enter.' (Reason: silence)
2026-02-14 17:12:16,092 | WARNING | backend.speech.transcriber_stream | Slow inference: 1.82s
2026-02-14 17:12:19,313 | INFO | backend.speech.transcriber_stream | Committed segment: 'Note down and record and trust.' (Reason: silence)
2026-02-14 17:12:19,314 | WARNING | backend.speech.transcriber_stream | Slow inference: 1.97s
2026-02-14 17:12:22,294 | INFO | backend.speech.transcriber_stream | Committed segment: 'Transcribe the whole lecture.' (Reason: silence)
2026-02-14 17:12:22,294 | WARNING | backend.speech.transcriber_stream | Slow inference: 1.88s
2026-02-14 17:12:25,328 | INFO | backend.speech.transcriber_stream | Committed segment: 'It points out..' (Reason: silence)
2026-02-14 17:12:25,329 | WARNING | backend.speech.transcriber_stream | Slow inference: 1.84s
2026-02-14 17:12:28,418 | INFO | backend.speech.transcriber_stream | Committed segment: 'The main points, like it works under...' (Reason: silence)
2026-02-14 17:12:28,418 | WARNING | backend.speech.transcriber_stream | Slow inference: 1.86s
2026-02-14 17:12:31,687 | INFO | backend.speech.transcriber_stream | Committed segment: 'The whole lecture, which it has recorded and....' (Reason: silence)
2026-02-14 17:12:31,688 | WARNING | backend.speech.transcriber_stream | Slow inference: 2.06s
2026-02-14 17:12:35,692 | INFO | backend.speech.transcriber_stream | Committed segment: 'It works and analyses the whole lecture.' (Reason: silence)
2026-02-14 17:12:35,694 | WARNING | backend.speech.transcriber_stream | Slow inference: 2.98s
2026-02-14 17:12:39,013 | INFO | backend.speech.transcriber_stream | Committed segment: 'This is the whole lecture for important points.' (Reason: silence)
2026-02-14 17:12:39,014 | WARNING | backend.speech.transcriber_stream | Slow inference: 3.22s
2026-02-14 17:12:39,016 | INFO | backend.main | Session Stats | RAM: 468.51MB | Avg Inference: 1.533s | Commits: 17
2026-02-14 17:12:42,259 | INFO | backend.speech.transcriber_stream | Committed segment: 'And point out the important points.' (Reason: silence)
2026-02-14 17:12:42,260 | WARNING | backend.speech.transcriber_stream | Slow inference: 3.24s
2026-02-14 17:12:46,352 | INFO | backend.speech.transcriber_stream | Committed segment: 'For easy picking and studying.' (Reason: silence)
2026-02-14 17:12:46,352 | WARNING | backend.speech.transcriber_stream | Slow inference: 4.09s
2026-02-14 17:12:49,609 | INFO | backend.speech.transcriber_stream | Committed segment: 'It also pointed out the formulas like..' (Reason: silence)
2026-02-14 17:12:49,610 | WARNING | backend.speech.transcriber_stream | Slow inference: 3.25s
2026-02-14 17:12:52,655 | INFO | backend.speech.transcriber_stream | Committed segment: 'I understand the formulas.' (Reason: silence)
2026-02-14 17:12:52,656 | WARNING | backend.speech.transcriber_stream | Slow inference: 3.04s
2026-02-14 17:12:55,967 | INFO | backend.speech.transcriber_stream | Committed segment: 'Like a is equal to mc square or nt.' (Reason: silence)
2026-02-14 17:12:55,968 | WARNING | backend.speech.transcriber_stream | Slow inference: 3.31s
2026-02-14 17:12:59,031 | INFO | backend.speech.transcriber_stream | Committed segment: 'Like that you know any fixed formulas' (Reason: silence)
2026-02-14 17:12:59,032 | WARNING | backend.speech.transcriber_stream | Slow inference: 3.06s
2026-02-14 17:13:02,204 | INFO | backend.speech.transcriber_stream | Committed segment: 'And mathematical formulas and all.' (Reason: silence)
2026-02-14 17:13:02,206 | WARNING | backend.speech.transcriber_stream | Slow inference: 3.17s
2026-02-14 17:13:05,328 | INFO | backend.speech.transcriber_stream | Committed segment: 'What kind of formulas?' (Reason: silence)
2026-02-14 17:13:05,329 | WARNING | backend.speech.transcriber_stream | Slow inference: 3.11s
2026-02-14 17:13:10,342 | INFO | backend.speech.transcriber_stream | Committed segment: 'And it transforms.' (Reason: silence)
2026-02-14 17:13:10,342 | WARNING | backend.speech.transcriber_stream | Slow inference: 5.01s
2026-02-14 17:13:10,345 | INFO | backend.main | Session Stats | RAM: 468.16MB | Avg Inference: 2.097s | Commits: 26
2026-02-14 17:13:13,392 | INFO | backend.speech.transcriber_stream | Committed segment: 'However, this whole lecture context the whole..' (Reason: silence)
2026-02-14 17:13:13,394 | WARNING | backend.speech.transcriber_stream | Slow inference: 3.04s
2026-02-14 17:13:16,507 | INFO | backend.speech.transcriber_stream | Committed segment: 'I would like to give a summary to an AI agent.' (Reason: silence)
2026-02-14 17:13:16,508 | WARNING | backend.speech.transcriber_stream | Slow inference: 3.11s
2026-02-14 17:13:19,658 | INFO | backend.speech.transcriber_stream | Committed segment: 'Whichever on the student can use to..' (Reason: silence)
2026-02-14 17:13:19,659 | WARNING | backend.speech.transcriber_stream | Slow inference: 3.14s
2026-02-14 17:13:22,871 | INFO | backend.speech.transcriber_stream | Committed segment: 'Uh, question. Ask...' (Reason: silence)
2026-02-14 17:13:22,872 | WARNING | backend.speech.transcriber_stream | Slow inference: 3.21s
2026-02-14 17:13:26,052 | INFO | backend.speech.transcriber_stream | Committed segment: 'Ask questions about the lecture from the AI.' (Reason: silence)
2026-02-14 17:13:26,053 | WARNING | backend.speech.transcriber_stream | Slow inference: 3.17s
2026-02-14 17:13:29,040 | INFO | backend.speech.transcriber_stream | Committed segment: 'Which here is the full context?' (Reason: silence)
2026-02-14 17:13:29,041 | WARNING | backend.speech.transcriber_stream | Slow inference: 2.98s
2026-02-14 17:13:31,901 | INFO | backend.speech.transcriber_stream | Committed segment: 'And get...' (Reason: silence)
2026-02-14 17:13:31,902 | WARNING | backend.speech.transcriber_stream | Slow inference: 2.85s
2026-02-14 17:13:35,158 | INFO | backend.speech.transcriber_stream | Committed segment: 'You know, the best out of it.' (Reason: silence)
2026-02-14 17:13:35,158 | WARNING | backend.speech.transcriber_stream | Slow inference: 3.25s
2026-02-14 17:13:35,181 | INFO | backend.main | WebSocket disconnected: 127.0.0.1
2026-02-14 17:13:35,181 | INFO | backend.main | Session Ended. Final Metrics: {'total_chunks': 40, 'avg_inference_time': 2.2441193103790282, 'total_commits': 34, 'avg_stability_cycles': 1.1764705882352942}
2026-02-14 17:13:35,186 | INFO | backend.main | Cleaned up transcriber session
2026-02-14 17:14:19,465 | INFO | backend.main | WebSocket connected: 127.0.0.1 | Lang: ur
2026-02-14 17:14:19,465 | INFO | backend.speech.transcriber_stream | Requesting Whisper model 'small'...
2026-02-14 17:14:19,465 | INFO | backend.speech.transcriber_stream | Model ready in 0.00s
2026-02-14 17:14:25,023 | INFO | backend.speech.transcriber_stream | Committed segment: 'ہلو، مینیم.' (Reason: silence)
2026-02-14 17:14:25,023 | WARNING | backend.speech.transcriber_stream | Slow inference: 1.79s
2026-02-14 17:14:28,203 | INFO | backend.speech.transcriber_stream | Committed segment: 'سادہ مد، میرا نام سادہ مد ہے۔' (Reason: silence)
2026-02-14 17:14:28,203 | WARNING | backend.speech.transcriber_stream | Slow inference: 1.90s
2026-02-14 17:14:31,163 | INFO | backend.speech.transcriber_stream | Committed segment: 'میں ٹھیک ہوں۔' (Reason: silence)
2026-02-14 17:14:31,163 | WARNING | backend.speech.transcriber_stream | Slow inference: 1.79s
2026-02-14 17:14:34,256 | INFO | backend.speech.transcriber_stream | Committed segment: 'میں ٹھیک ہوں۔' (Reason: silence)
2026-02-14 17:14:34,258 | WARNING | backend.speech.transcriber_stream | Slow inference: 1.80s
2026-02-14 17:14:37,636 | WARNING | backend.speech.transcriber_stream | Slow inference: 2.11s
2026-02-14 17:14:40,475 | WARNING | backend.speech.transcriber_stream | Slow inference: 2.84s
2026-02-14 17:14:43,646 | INFO | backend.speech.transcriber_stream | Committed segment: 'اسلام بہت سے سبیس ٹیکنورو جی۔' (Reason: silence)
2026-02-14 17:14:43,646 | WARNING | backend.speech.transcriber_stream | Slow inference: 3.17s
2026-02-14 17:14:46,961 | INFO | backend.speech.transcriber_stream | Committed segment: 'میکوڈی سمسٹر میں پہلوں۔' (Reason: silence)
2026-02-14 17:14:46,961 | WARNING | backend.speech.transcriber_stream | Slow inference: 3.31s
2026-02-14 17:14:50,281 | INFO | backend.speech.transcriber_stream | Committed segment: 'میں ٹھیک ہوں۔' (Reason: silence)
2026-02-14 17:14:50,281 | WARNING | backend.speech.transcriber_stream | Slow inference: 3.32s
2026-02-14 17:14:50,283 | INFO | backend.main | Session Stats | RAM: 467.89MB | Avg Inference: 2.447s | Commits: 7
2026-02-14 17:14:53,387 | INFO | backend.speech.transcriber_stream | Committed segment: 'اس سفت فیر کو میں نے بلایا ہے۔' (Reason: silence)
2026-02-14 17:14:53,388 | WARNING | backend.speech.transcriber_stream | Slow inference: 3.10s
2026-02-14 17:14:53,420 | INFO | backend.main | WebSocket disconnected: 127.0.0.1
2026-02-14 17:14:53,421 | INFO | backend.main | Session Ended. Final Metrics: {'total_chunks': 11, 'avg_inference_time': 2.2849243120713667, 'total_commits': 8, 'avg_stability_cycles': 1.375}
2026-02-14 17:14:53,421 | INFO | backend.main | Cleaned up transcriber session
2026-02-14 17:14:55,819 | INFO | backend.main | WebSocket connected: 127.0.0.1 | Lang: 
2026-02-14 17:14:55,819 | INFO | backend.speech.transcriber_stream | Requesting Whisper model 'small'...
2026-02-14 17:14:55,819 | INFO | backend.speech.transcriber_stream | Model ready in 0.00s
2026-02-14 17:15:02,852 | INFO | backend.speech.transcriber_stream | Committed segment: 'Hello.' (Reason: silence)
2026-02-14 17:15:02,852 | WARNING | backend.speech.transcriber_stream | Slow inference: 3.86s
2026-02-14 17:15:08,564 | INFO | backend.speech.transcriber_stream | Committed segment: 'Yo, mera naam saad Ahmed hai.' (Reason: silence)
2026-02-14 17:15:08,564 | WARNING | backend.speech.transcriber_stream | Slow inference: 5.71s
2026-02-14 17:15:14,050 | INFO | backend.speech.transcriber_stream | Committed segment: 'Main airspace engineering karo. Institute of Space..' (Reason: silence)
2026-02-14 17:15:14,052 | WARNING | backend.speech.transcriber_stream | Slow inference: 5.48s
2026-02-14 17:15:19,676 | INFO | backend.speech.transcriber_stream | Committed segment: 'ٹیکنلو جی اسلام بات سے...' (Reason: silence)
2026-02-14 17:15:19,678 | WARNING | backend.speech.transcriber_stream | Slow inference: 5.62s
2026-02-14 17:15:25,358 | INFO | backend.speech.transcriber_stream | Committed segment: 'ڈینرینگ کا چوٹر سمسٹر ہی میکنے' (Reason: silence)
2026-02-14 17:15:25,358 | WARNING | backend.speech.transcriber_stream | Slow inference: 5.67s
